0 info it worked if it ends with ok
1 verbose cli [ '/opt/node/bin/node', '/opt/node/bin/npm', 'install', 'bower' ]
2 info using npm@2.7.4
3 info using node@v0.12.2
4 warn package.json ionicstudy@1.1.1 No repository field.
5 warn package.json ionicstudy@1.1.1 No README data
6 silly cache add args [ 'bower', null ]
7 verbose cache add spec bower
8 silly cache add parsed spec { raw: 'bower',
8 silly cache add   scope: null,
8 silly cache add   name: 'bower',
8 silly cache add   rawSpec: '',
8 silly cache add   spec: '*',
8 silly cache add   type: 'range' }
9 verbose addNamed bower@*
10 silly addNamed semver.valid null
11 silly addNamed semver.validRange *
12 silly addNameRange { name: 'bower', range: '*', hasData: false }
13 silly mapToRegistry name bower
14 silly mapToRegistry using default registry
15 silly mapToRegistry registry https://registry.npmjs.org/
16 silly mapToRegistry uri https://registry.npmjs.org/bower
17 verbose addNameRange registry:https://registry.npmjs.org/bower not in flight; fetching
18 verbose request uri https://registry.npmjs.org/bower
19 verbose request no auth needed
20 info attempt registry request try #1 at 23:23:25
21 verbose request id 84448257de0c0a23
22 verbose etag "1VY3TPET6DQMNP9AP6L36YLFV"
23 http request GET https://registry.npmjs.org/bower
24 http 304 https://registry.npmjs.org/bower
25 silly get cb [ 304,
25 silly get   { date: 'Sun, 17 Apr 2016 14:23:47 GMT',
25 silly get     via: '1.1 varnish',
25 silly get     'cache-control': 'max-age=300',
25 silly get     etag: '"1VY3TPET6DQMNP9AP6L36YLFV"',
25 silly get     age: '60',
25 silly get     connection: 'keep-alive',
25 silly get     'x-served-by': 'cache-nrt6131-NRT',
25 silly get     'x-cache': 'HIT',
25 silly get     'x-cache-hits': '1',
25 silly get     'x-timer': 'S1460903027.290377,VS0,VE0',
25 silly get     vary: 'Accept-Encoding' } ]
26 verbose etag https://registry.npmjs.org/bower from cache
27 verbose get saving bower to /home/falinux/.npm/registry.npmjs.org/bower/.cache.json
28 silly addNameRange number 2 { name: 'bower', range: '*', hasData: true }
29 silly addNameRange versions [ 'bower',
29 silly addNameRange   [ '0.1.0',
29 silly addNameRange     '0.1.2',
29 silly addNameRange     '0.1.3',
29 silly addNameRange     '0.2.0',
29 silly addNameRange     '0.3.0',
29 silly addNameRange     '0.3.1',
29 silly addNameRange     '0.3.2',
29 silly addNameRange     '0.4.0',
29 silly addNameRange     '0.5.0',
29 silly addNameRange     '0.5.1',
29 silly addNameRange     '0.6.0',
29 silly addNameRange     '0.6.1',
29 silly addNameRange     '0.6.2',
29 silly addNameRange     '0.6.3',
29 silly addNameRange     '0.6.4',
29 silly addNameRange     '0.6.5',
29 silly addNameRange     '0.6.6',
29 silly addNameRange     '0.6.7',
29 silly addNameRange     '0.6.8',
29 silly addNameRange     '0.7.0',
29 silly addNameRange     '0.7.1',
29 silly addNameRange     '0.8.0',
29 silly addNameRange     '0.8.1',
29 silly addNameRange     '0.8.2',
29 silly addNameRange     '0.8.3',
29 silly addNameRange     '0.8.4',
29 silly addNameRange     '0.8.5',
29 silly addNameRange     '0.8.6',
29 silly addNameRange     '0.9.0',
29 silly addNameRange     '0.9.1',
29 silly addNameRange     '0.9.2',
29 silly addNameRange     '0.10.0',
29 silly addNameRange     '1.0.0',
29 silly addNameRange     '1.0.1',
29 silly addNameRange     '1.0.2',
29 silly addNameRange     '1.0.3',
29 silly addNameRange     '1.1.0',
29 silly addNameRange     '1.1.1',
29 silly addNameRange     '1.1.2',
29 silly addNameRange     '1.2.0',
29 silly addNameRange     '1.2.1',
29 silly addNameRange     '1.2.2',
29 silly addNameRange     '1.2.3',
29 silly addNameRange     '1.2.4',
29 silly addNameRange     '1.2.5',
29 silly addNameRange     '1.2.6',
29 silly addNameRange     '1.2.7',
29 silly addNameRange     '1.2.8',
29 silly addNameRange     '1.3.0',
29 silly addNameRange     '1.3.1',
29 silly addNameRange     '1.3.2',
29 silly addNameRange     '1.3.3',
29 silly addNameRange     '1.3.4',
29 silly addNameRange     '1.3.5',
29 silly addNameRange     '1.3.6',
29 silly addNameRange     '1.3.7',
29 silly addNameRange     '1.3.8',
29 silly addNameRange     '1.3.9',
29 silly addNameRange     '1.3.10',
29 silly addNameRange     '1.3.11',
29 silly addNameRange     '1.3.12',
29 silly addNameRange     '1.4.0',
29 silly addNameRange     '1.4.1',
29 silly addNameRange     '1.5.0',
29 silly addNameRange     '1.5.1',
29 silly addNameRange     '1.5.2',
29 silly addNameRange     '1.5.3',
29 silly addNameRange     '1.6.2',
29 silly addNameRange     '1.6.3',
29 silly addNameRange     '1.6.4',
29 silly addNameRange     '1.6.5',
29 silly addNameRange     '1.5.4',
29 silly addNameRange     '1.4.2',
29 silly addNameRange     '1.6.6',
29 silly addNameRange     '1.6.7',
29 silly addNameRange     '1.6.8',
29 silly addNameRange     '1.6.9',
29 silly addNameRange     '1.7.0',
29 silly addNameRange     '1.7.1',
29 silly addNameRange     '1.7.2',
29 silly addNameRange     '1.7.5',
29 silly addNameRange     '1.7.6',
29 silly addNameRange     '1.7.7',
29 silly addNameRange     '1.7.8',
29 silly addNameRange     '1.7.9' ] ]
30 verbose addNamed bower@1.7.9
31 silly addNamed semver.valid 1.7.9
32 silly addNamed semver.validRange 1.7.9
33 silly cache afterAdd bower@1.7.9
34 verbose afterAdd /home/falinux/.npm/bower/1.7.9/package/package.json not in flight; writing
35 verbose afterAdd /home/falinux/.npm/bower/1.7.9/package/package.json written
36 silly install resolved [ { name: 'bower',
36 silly install resolved     version: '1.7.9',
36 silly install resolved     description: 'The browser package manager',
36 silly install resolved     author: { name: 'Twitter' },
36 silly install resolved     license: 'MIT',
36 silly install resolved     repository: { type: 'git', url: 'git+https://github.com/bower/bower.git' },
36 silly install resolved     main: 'lib',
36 silly install resolved     bin: { bower: 'bin/bower' },
36 silly install resolved     homepage: 'http://bower.io',
36 silly install resolved     engines: { node: '>=0.10.0' },
36 silly install resolved     keywords: [ 'bower' ],
36 silly install resolved     files: [ 'bin', 'lib' ],
36 silly install resolved     bugs: { url: 'https://github.com/bower/bower/issues' },
36 silly install resolved     _id: 'bower@1.7.9',
36 silly install resolved     scripts: {},
36 silly install resolved     _shasum: 'b7296c2393e0d75edaa6ca39648132dd255812b0',
36 silly install resolved     _from: 'bower@*',
36 silly install resolved     _npmVersion: '3.7.3',
36 silly install resolved     _nodeVersion: '5.9.0',
36 silly install resolved     _npmUser: { name: 'sheerun', email: 'sheerun@sher.pl' },
36 silly install resolved     dist:
36 silly install resolved      { shasum: 'b7296c2393e0d75edaa6ca39648132dd255812b0',
36 silly install resolved        tarball: 'https://registry.npmjs.org/bower/-/bower-1.7.9.tgz' },
36 silly install resolved     maintainers:
36 silly install resolved      [ [Object],
36 silly install resolved        [Object],
36 silly install resolved        [Object],
36 silly install resolved        [Object],
36 silly install resolved        [Object],
36 silly install resolved        [Object],
36 silly install resolved        [Object] ],
36 silly install resolved     _npmOperationalInternal:
36 silly install resolved      { host: 'packages-12-west.internal.npmjs.com',
36 silly install resolved        tmp: 'tmp/bower-1.7.9.tgz_1459857239351_0.9720134933013469' },
36 silly install resolved     directories: {},
36 silly install resolved     _resolved: 'https://registry.npmjs.org/bower/-/bower-1.7.9.tgz',
36 silly install resolved     readme: 'ERROR: No README data found!' } ]
37 info install bower@1.7.9 into /home/falinux/ionicStudyApp/ionicStudy
38 info installOne bower@1.7.9
39 verbose installOne of bower to /home/falinux/ionicStudyApp/ionicStudy not in flight; installing
40 warn locking Error: EACCES, open '/home/falinux/.npm/_locks/bower-d5c209c282e2653e.lock'
40 warn locking     at Error (native)
40 warn locking  /home/falinux/.npm/_locks/bower-d5c209c282e2653e.lock failed { [Error: EACCES, open '/home/falinux/.npm/_locks/bower-d5c209c282e2653e.lock']
40 warn locking   errno: -13,
40 warn locking   code: 'EACCES',
40 warn locking   path: '/home/falinux/.npm/_locks/bower-d5c209c282e2653e.lock' }
41 verbose stack Error: Attempt to unlock /home/falinux/ionicStudyApp/ionicStudy/node_modules/bower, which hasn't been locked
41 verbose stack     at unlock (/opt/node/lib/node_modules/npm/lib/utils/locker.js:66:11)
41 verbose stack     at cb (/opt/node/lib/node_modules/npm/lib/install.js:1004:5)
41 verbose stack     at /opt/node/lib/node_modules/npm/lib/install.js:1008:20
41 verbose stack     at /opt/node/lib/node_modules/npm/lib/utils/locker.js:40:9
41 verbose stack     at cb (/opt/node/lib/node_modules/npm/node_modules/lockfile/lockfile.js:149:38)
41 verbose stack     at /opt/node/lib/node_modules/npm/node_modules/lockfile/lockfile.js:177:38
41 verbose stack     at FSReqWrap.oncomplete (fs.js:95:15)
42 verbose cwd /home/falinux/ionicStudyApp/ionicStudy
43 error Linux 4.2.0-27-generic
44 error argv "/opt/node/bin/node" "/opt/node/bin/npm" "install" "bower"
45 error node v0.12.2
46 error npm  v2.7.4
47 error Attempt to unlock /home/falinux/ionicStudyApp/ionicStudy/node_modules/bower, which hasn't been locked
48 error If you need help, you may report this error at:
48 error     <https://github.com/npm/npm/issues>
49 verbose exit [ 1, true ]
